Removed Pin From Net: NetName=+VBAT Pin=Q1-1
Removed Pin From Net: NetName=+VM Pin=Q1-2
Removed Pin From Net: NetName=Net*2_3 Pin=Q1-3
Removed Pin From Net: NetName=VM_EN Pin=R3-1
Removed Pin From Net: NetName=Net*2_3 Pin=R3-2
Change Component Comment : Designator=R3 Old Comment=10K New Comment=100E
Change Component Comment : Designator=R5 Old Comment=100 New Comment=100E
Change Component Comment : Designator=R6 Old Comment=100 New Comment=100E
Change Component Comment : Designator=Q1 Old Comment=BC846X New Comment=2N7002K
Added Component: Designator=R1(0603_R)
Added Component: Designator=R1(0603_R)
Added Component: Designator=(SOT_523_P_MOS)
Added Pin To Net: NetName=+VM Pin=-1
Added Pin To Net: NetName=Net*2_3 Pin=-2
Added Pin To Net: NetName=+VBAT Pin=-3
Added Pin To Net: NetName=Net*2_3 Pin=Q1-1
Added Pin To Net: NetName=GND Pin=Q1-2
Added Pin To Net: NetName=+VBAT Pin=R1-1
Added Pin To Net: NetName=GND Pin=R1-1
Added Pin To Net: NetName=Net*2_3 Pin=R1-2
Change Net Name : Old Net Name=Net*2_3 New Net Name=Net_2
Added Pin To Net: NetName=NetQ1_3 Pin=Q1-3
Added Pin To Net: NetName=NetQ1_3 Pin=R1-2
Added Pin To Net: NetName=NetQ1_3 Pin=R3-1
Added Net: Name=NetQ1_3
Added Member To Class: ClassName=Sheet1 Member=Component  Q
Added Member To Class: ClassName=Sheet1 Member=Component U2 XC6220B331PR-G
Added Member To Class: ClassName=Sheet1 Member=Component U3 ZXBM5210
