Change Component Comment : Designator=C2 Old Comment=1uF New Comment=10uF
Change Component Comment : Designator=C3 Old Comment=1uF New Comment=10uF
Change Component Comment : Designator=C4 Old Comment=1uF New Comment=10uF
Change component parameters: Designator = "P5" ("P5"); Footprint = "2PIN"; UniqueID = "\REYPTIKG" ("\REYPTIKG")
Change component parameters (AddParameter): Name = "D"; Value = "FEEDBACK"; VariantName = "[No Variations]"
Change component parameters (AddParameter): Name = "LatestRevisionDate"; Value = "17-Jul-2002"; VariantName = "[No Variations]"
Change component parameters (AddParameter): Name = "LatestRevisionNote"; Value = "Re-released for DXP Platform."; VariantName = "[No Variations]"
Change component parameters (AddParameter): Name = "Publisher"; Value = "Altium Limited"; VariantName = "[No Variations]"
Change component parameters: Designator = "P6" ("P6"); Footprint = "2PIN"; UniqueID = "\PMMDLOVX" ("\PMMDLOVX")
Change component parameters (AddParameter): Name = "D"; Value = "FEEDBACK"; VariantName = "[No Variations]"
Change component parameters (AddParameter): Name = "LatestRevisionDate"; Value = "17-Jul-2002"; VariantName = "[No Variations]"
Change component parameters (AddParameter): Name = "LatestRevisionNote"; Value = "Re-released for DXP Platform."; VariantName = "[No Variations]"
Change component parameters (AddParameter): Name = "Publisher"; Value = "Altium Limited"; VariantName = "[No Variations]"
Change component parameters: Designator = "P7" ("P7"); Footprint = "2PIN"; UniqueID = "\WQWOQWLG" ("\WQWOQWLG")
Change component parameters (AddParameter): Name = "D"; Value = "FEEDBACK"; VariantName = "[No Variations]"
Change component parameters (AddParameter): Name = "LatestRevisionDate"; Value = "17-Jul-2002"; VariantName = "[No Variations]"
Change component parameters (AddParameter): Name = "LatestRevisionNote"; Value = "Re-released for DXP Platform."; VariantName = "[No Variations]"
Change component parameters (AddParameter): Name = "Publisher"; Value = "Altium Limited"; VariantName = "[No Variations]"
Change component parameters: Designator = "P2" ("P2"); Footprint = "3pin"; UniqueID = "\VXUGMSIE" ("\VXUGMSIE")
Change component parameters (AddParameter): Name = "D"; Value = "3 pin JST 1.25mm Through Hole Header Horizontal Right Angle"; VariantName = "[No Variations]"
Change component parameters (AddParameter): Name = "MFR"; Value = "Sunrom"; VariantName = "[No Variations]"
Change component parameters (AddParameter): Name = "P"; Value = "JST-XH"; VariantName = "[No Variations]"
Change component parameters (AddParameter): Name = "PN"; Value = "6271"; VariantName = "[No Variations]"
Change component parameters (AddParameter): Name = "URL"; Value = "https://www.sunrom.com/p/3-pin-jst-125mm-through-hole-header-horizontal-right-angle"; VariantName = "[No Variations]"
Change component parameters: Designator = "P3" ("P3"); Footprint = "3pin"; UniqueID = "\AOGFKLGN" ("\AOGFKLGN")
Change component parameters (AddParameter): Name = "D"; Value = "JST 3 Pin Battery Connector Plug 2.54mm"; VariantName = "[No Variations]"
Change component parameters (AddParameter): Name = "MFR"; Value = "HatchnHack"; VariantName = "[No Variations]"
Change component parameters (AddParameter): Name = "P"; Value = "JST-XH"; VariantName = "[No Variations]"
Change component parameters (AddParameter): Name = "PN"; Value = "SKU: 2EE02"; VariantName = "[No Variations]"
Change component parameters (AddParameter): Name = "URL"; Value = "https://www.hnhcart.com/products/3-pin-jst-connector-male-2-54mm-pitch-pack-of-1000?gclid=CjwKCAjwnZaVBhA6EiwAVVyv9LuVSh4Y-Nx6TWwb9kOJQSZ1FFio1sfA1lcR6XJ00vgsSpWwAPVd2BoCl7YQAvD_BwE"; VariantName = "[No Variations]"
Change component parameters: Designator = "P4" ("P4"); Footprint = "2PIN"; UniqueID = "\PKXYHYOC" ("\PKXYHYOC")
Change component parameters (AddParameter): Name = "D"; Value = "2 pin JST 1.25mm Through Hole Header Horizontal Right Angle"; VariantName = "[No Variations]"
Change component parameters (AddParameter): Name = "MFR"; Value = "Sunrom"; VariantName = "[No Variations]"
Change component parameters (AddParameter): Name = "P"; Value = ""; VariantName = "[No Variations]"
Change component parameters (AddParameter): Name = "PN"; Value = "6270"; VariantName = "[No Variations]"
Change component parameters (AddParameter): Name = "URL"; Value = "https://www.sunrom.com/p/2-pin-jst-125mm-through-hole-header-horizontal-right-angle"; VariantName = "[No Variations]"
Change component parameters: Designator = "Q1" ("*2"); Footprint = "BC846"; UniqueID = "\UOUEJLNW" ("\UOUEJLNW")
Change component parameters (AddParameter): Name = "D"; Value = "Bipolar Transistors - BJT BC847/SOT23/TO-236AB"; VariantName = "[No Variations]"
Change component parameters (AddParameter): Name = "MFR"; Value = "Nexperia"; VariantName = "[No Variations]"
Change component parameters (AddParameter): Name = "P"; Value = "SOT-23"; VariantName = "[No Variations]"
Change component parameters (AddParameter): Name = "PN"; Value = "BC847,215"; VariantName = "[No Variations]"
Change component parameters (AddParameter): Name = "URL"; Value = "https://www.mouser.in/ProductDetail/Nexperia/BC847215?qs=me8TqzrmIYWROhdFmDauyQ%3D%3D"; VariantName = "[No Variations]"
Change component parameters: Designator = "Q2" ("Q2"); Footprint = "SOT_523_P_MOS"; UniqueID = "\JKHTPAVA" ("\JKHTPAVA")
Change component parameters (AddParameter): Name = "D"; Value = "MOSFET 20V P-Ch Enh FET PD 0.24W MIN RDSon"; VariantName = "[No Variations]"
Change component parameters (AddParameter): Name = "MFR"; Value = "Diodes Incorporated"; VariantName = "[No Variations]"
Change component parameters (AddParameter): Name = "P"; Value = "SOT-523-3"; VariantName = "[No Variations]"
Change component parameters (AddParameter): Name = "PN"; Value = "DMP21D0UT-7"; VariantName = "[No Variations]"
Change component parameters (AddParameter): Name = "URL"; Value = "https://www.mouser.in/ProductDetail/Diodes-Incorporated/DMP21D0UT-7?qs=F5djdNSOT4bGXq%252B9HtekMQ%3D%3D"; VariantName = "[No Variations]"
Change component parameters: Designator = "R1" ("R1"); Footprint = "0603_R"; UniqueID = "\PWWNCOND" ("\PWWNCOND")
Change component parameters (AddParameter): Name = "D"; Value = "100R Resistor"; VariantName = "[No Variations]"
Change component parameters (AddParameter): Name = "MFR"; Value = ""; VariantName = "[No Variations]"
Change component parameters (AddParameter): Name = "P"; Value = ""; VariantName = "[No Variations]"
Change component parameters (AddParameter): Name = "PN"; Value = ""; VariantName = "[No Variations]"
Change component parameters (AddParameter): Name = "URL"; Value = ""; VariantName = "[No Variations]"
Change component parameters: Designator = "R2" ("R2"); Footprint = "0603_R"; UniqueID = "\CTYTCPYE" ("\CTYTCPYE")
Change component parameters (AddParameter): Name = "D"; Value = "Resistor"; VariantName = "[No Variations]"
Change component parameters (AddParameter): Name = "MFR"; Value = ""; VariantName = "[No Variations]"
Change component parameters (AddParameter): Name = "P"; Value = ""; VariantName = "[No Variations]"
Change component parameters (AddParameter): Name = "PN"; Value = ""; VariantName = "[No Variations]"
Change component parameters (AddParameter): Name = "URL"; Value = ""; VariantName = "[No Variations]"
Change component parameters: Designator = "R3" ("R3"); Footprint = "0603_R"; UniqueID = "\DJSQIEIU" ("\DJSQIEIU")
Change component parameters (AddParameter): Name = "D"; Value = "Resistor"; VariantName = "[No Variations]"
Change component parameters (AddParameter): Name = "MFR"; Value = ""; VariantName = "[No Variations]"
Change component parameters (AddParameter): Name = "P"; Value = ""; VariantName = "[No Variations]"
Change component parameters (AddParameter): Name = "PN"; Value = ""; VariantName = "[No Variations]"
Change component parameters (AddParameter): Name = "URL"; Value = ""; VariantName = "[No Variations]"
Change component parameters: Designator = "R5" ("R5"); Footprint = "0603_R"; UniqueID = "\SGJCOGQK" ("\SGJCOGQK")
Change component parameters (AddParameter): Name = "D"; Value = "Resistor"; VariantName = "[No Variations]"
Change component parameters (AddParameter): Name = "MFR"; Value = ""; VariantName = "[No Variations]"
Change component parameters (AddParameter): Name = "P"; Value = ""; VariantName = "[No Variations]"
Change component parameters (AddParameter): Name = "PN"; Value = ""; VariantName = "[No Variations]"
Change component parameters (AddParameter): Name = "URL"; Value = ""; VariantName = "[No Variations]"
Change component parameters: Designator = "R6" ("R6"); Footprint = "0603_R"; UniqueID = "\UUBNROPF" ("\UUBNROPF")
Change component parameters (AddParameter): Name = "D"; Value = "Resistor"; VariantName = "[No Variations]"
Change component parameters (AddParameter): Name = "MFR"; Value = ""; VariantName = "[No Variations]"
Change component parameters (AddParameter): Name = "P"; Value = ""; VariantName = "[No Variations]"
Change component parameters (AddParameter): Name = "PN"; Value = ""; VariantName = "[No Variations]"
Change component parameters (AddParameter): Name = "URL"; Value = ""; VariantName = "[No Variations]"
Change component parameters: Designator = "R7" ("R7"); Footprint = "0603_R"; UniqueID = "\HINIUCND" ("\HINIUCND")
Change component parameters (AddParameter): Name = "D"; Value = "Resistor"; VariantName = "[No Variations]"
Change component parameters (AddParameter): Name = "MFR"; Value = ""; VariantName = "[No Variations]"
Change component parameters (AddParameter): Name = "P"; Value = ""; VariantName = "[No Variations]"
Change component parameters (AddParameter): Name = "PN"; Value = ""; VariantName = "[No Variations]"
Change component parameters (AddParameter): Name = "URL"; Value = ""; VariantName = "[No Variations]"
Change component parameters: Designator = "R8" ("R8"); Footprint = "0603_R"; UniqueID = "\MBJQEAMA" ("\MBJQEAMA")
Change component parameters (AddParameter): Name = "D"; Value = "Resistor"; VariantName = "[No Variations]"
Change component parameters (AddParameter): Name = "MFR"; Value = ""; VariantName = "[No Variations]"
Change component parameters (AddParameter): Name = "P"; Value = ""; VariantName = "[No Variations]"
Change component parameters (AddParameter): Name = "PN"; Value = ""; VariantName = "[No Variations]"
Change component parameters (AddParameter): Name = "URL"; Value = ""; VariantName = "[No Variations]"
Change component parameters: Designator = "U1" ("U1"); Footprint = "DA14531"; UniqueID = "\KCIKHKOA" ("\KCIKHKOA")
Change component parameters (AddParameter): Name = "D"; Value = "DA14531MOD-00F01002"; VariantName = "[No Variations]"
Change component parameters (AddParameter): Name = "MFR"; Value = "Dialog Semiconductor"; VariantName = "[No Variations]"
Change component parameters (AddParameter): Name = "P"; Value = "SMD-16 Dialog Semiconductor"; VariantName = "[No Variations]"
Change component parameters (AddParameter): Name = "PN"; Value = "DA14531MOD-00F0100C"; VariantName = "[No Variations]"
Change component parameters (AddParameter): Name = "URL"; Value = "https://www.digikey.in/en/products/detail/dialog-semiconductor-gmbh/DA14531MOD-00F01002/11685947?s=N4IgTCBcDaICIEECMAWArAZiQWQPJwFoAGIgMSKRIgF0BfIA"; VariantName = "[No Variations]"
Change component parameters: Designator = "C2" ("C2"); Footprint = "0603_C"; UniqueID = "\VQBMYVQE" ("\VQBMYVQE")
Change component parameters (AddParameter): Name = "D"; Value = "Multilayer Ceramic Capacitors MLCC - SMD/SMT 100V 100pF X7R 0805 5% AEC-Q200"; VariantName = "[No Variations]"
Change component parameters (AddParameter): Name = "MFR"; Value = "KEMET"; VariantName = "[No Variations]"
Change component parameters (AddParameter): Name = "P"; Value = "0603"; VariantName = "[No Variations]"
Change component parameters (AddParameter): Name = "PN"; Value = "C0805C101J1RACAUTO"; VariantName = "[No Variations]"
Change component parameters (AddParameter): Name = "URL"; Value = "https://www.mouser.in/ProductDetail/KEMET/C0805C101J1RACAUTO?qs=B6kkDfuK7%2FBvhOkfk6gEhA%3D%3D"; VariantName = "[No Variations]"
Change component parameters (AddParameter): Name = "V"; Value = "10uF"; VariantName = "[No Variations]"
Change component parameters: Designator = "C3" ("C3"); Footprint = "0603_C"; UniqueID = "\QUNDYPTO" ("\QUNDYPTO")
Change component parameters (AddParameter): Name = "D"; Value = "Multilayer Ceramic Capacitors MLCC - SMD/SMT 100V 100pF X7R 0805 5% AEC-Q200"; VariantName = "[No Variations]"
Change component parameters (AddParameter): Name = "MFR"; Value = "KEMET"; VariantName = "[No Variations]"
Change component parameters (AddParameter): Name = "P"; Value = "0603"; VariantName = "[No Variations]"
Change component parameters (AddParameter): Name = "PN"; Value = "C0805C101J1RACAUTO"; VariantName = "[No Variations]"
Change component parameters (AddParameter): Name = "URL"; Value = "https://www.mouser.in/ProductDetail/KEMET/C0805C101J1RACAUTO?qs=B6kkDfuK7%2FBvhOkfk6gEhA%3D%3D"; VariantName = "[No Variations]"
Change component parameters (AddParameter): Name = "V"; Value = "10uF"; VariantName = "[No Variations]"
Change component parameters: Designator = "C4" ("C4"); Footprint = "0603_C"; UniqueID = "\VPWUKHCJ" ("\VPWUKHCJ")
Change component parameters (AddParameter): Name = "D"; Value = "Multilayer Ceramic Capacitors MLCC - SMD/SMT 100V 100pF X7R 0805 5% AEC-Q200"; VariantName = "[No Variations]"
Change component parameters (AddParameter): Name = "MFR"; Value = "KEMET"; VariantName = "[No Variations]"
Change component parameters (AddParameter): Name = "P"; Value = "0603"; VariantName = "[No Variations]"
Change component parameters (AddParameter): Name = "PN"; Value = "C0805C101J1RACAUTO"; VariantName = "[No Variations]"
Change component parameters (AddParameter): Name = "URL"; Value = "https://www.mouser.in/ProductDetail/KEMET/C0805C101J1RACAUTO?qs=B6kkDfuK7%2FBvhOkfk6gEhA%3D%3D"; VariantName = "[No Variations]"
Change component parameters (AddParameter): Name = "V"; Value = "100pf"; VariantName = "[No Variations]"
Change component parameters: Designator = "U2" ("U2"); Footprint = "CONV_AL8861Y-13"; UniqueID = "\RITNWRJJ" ("\RITNWRJJ")
Change component parameters (AddParameter): Name = "D"; Value = "IC REG LINEAR 3.3V 1A SOT89-5"; VariantName = "[No Variations]"
Change component parameters (AddParameter): Name = "MFR"; Value = "Torex Semiconductor Ltd"; VariantName = "[No Variations]"
Change component parameters (AddParameter): Name = "P"; Value = "SOT-89-5"; VariantName = "[No Variations]"
Change component parameters (AddParameter): Name = "PN"; Value = "XC6220B331PR-G"; VariantName = "[No Variations]"
Change component parameters (AddParameter): Name = "URL"; Value = "https://www.digikey.in/en/products/detail/torex-semiconductor-ltd/XC6220B331PR-G/2138172"; VariantName = "[No Variations]"
Change component parameters (AddParameter): Name = "V"; Value = ""; VariantName = "[No Variations]"
Change component parameters: Designator = "D1" ("CR1"); Footprint = "SOD123"; UniqueID = "\TKNSQPVL" ("\TKNSQPVL")
Change component parameters (AddParameter): Name = "Availability"; Value = "Unavailable"; VariantName = "[No Variations]"
Change component parameters (AddParameter): Name = "D"; Value = "DIODE GEN PURP 100V 150MA SOD123"; VariantName = "[No Variations]"
Change component parameters (AddParameter): Name = "MFR"; Value = "Micro Commercial"; VariantName = "[No Variations]"
Change component parameters (AddParameter): Name = "P"; Value = "SOD 123"; VariantName = "[No Variations]"
Change component parameters (AddParameter): Name = "PN"; Value = "1N4148W-TP"; VariantName = "[No Variations]"
Change component parameters (AddParameter): Name = "Price"; Value = "None"; VariantName = "[No Variations]"
Change component parameters (AddParameter): Name = "URL"; Value = "https://www.digikey.in/en/products/detail/micro-commercial-co/1N4148W-TP/717311?utm_adgroup=General&utm_source=google&utm_medium=cpc&utm_campaign=Dynamic%20Search_EN_Product&utm_term=&productid=&gclid=CjwKCAjwnZaVBhA6EiwAVVyv9PdJZoZyzgcvNw5JXZSw9GxKyyejtRW6ghYdHke2RZfO3pYj9waWxRoC6pYQAvD_BwE"; VariantName = "[No Variations]"
Change component parameters: Designator = "R4" ("R4"); Footprint = "0603_R"; UniqueID = "\IGJFGCXE" ("\IGJFGCXE")
Change component parameters (AddParameter): Name = "LatestRevisionDate"; Value = "29-May-2009"; VariantName = "[No Variations]"
Change component parameters (AddParameter): Name = "LatestRevisionNote"; Value = "IPC-7351 Footprint Added."; VariantName = "[No Variations]"
Change component parameters (AddParameter): Name = "PackageDescription"; Value = "Chip Resistor"; VariantName = "[No Variations]"
Change component parameters (AddParameter): Name = "PackageReference"; Value = "J1-0603"; VariantName = "[No Variations]"
Change component parameters (AddParameter): Name = "Published"; Value = "8-Jun-2000"; VariantName = "[No Variations]"
Change component parameters (AddParameter): Name = "Publisher"; Value = "Altium Limited"; VariantName = "[No Variations]"
Change component parameters (AddParameter): Name = "Value"; Value = "1K"; VariantName = "[No Variations]"
Change Net Name : Old Net Name=Net1_2 New Net Name=NetQ1_1
Added Member To Class: ClassName=Sheet1 Member=Component R3 10K
